#
# A fatal error has been detected by the Java Runtime Environment:
#
#  EXCEPTION_ACCESS_VIOLATION (0xc0000005) at pc=0x00007ff9ab746aa8, pid=30496, tid=0x0000000000009cb4
#
# JRE version: Java(TM) SE Runtime Environment (8.0_241-b07) (build 1.8.0_241-b07)
# Java VM: Java HotSpot(TM) 64-Bit Server VM (25.241-b07 mixed mode windows-amd64 compressed oops)
# Problematic frame:
# C  [ntdll.dll+0x6aa8]
#
# Failed to write core dump. Minidumps are not enabled by default on client versions of Windows
#
# If you would like to submit a bug report, please visit:
#   http://bugreport.java.com/bugreport/crash.jsp
# The crash happened outside the Java Virtual Machine in native code.
# See problematic frame for where to report the bug.
#

---------------  T H R E A D  ---------------

Current thread (0x0000000002522800):  JavaThread "main" [_thread_in_native, id=40116, stack(0x0000000002420000,0x0000000002520000)]

siginfo: ExceptionCode=0xc0000005, reading address 0x00007ff969588298

Registers:
RAX=0x0000000000002ca6, RBX=0x000000000251e610, RCX=0x000000000000b2a4, RDX=0x0000000000000ee3
RSP=0x000000000251dfc0, RBP=0x0000000000000000, RSI=0x00007ff96957d000, RDI=0x000000000001185e
R8 =0x00007ff9693f0000, R9 =0x0000000000000008, R10=0x0000000000000007, R11=0x00007ff9ab8b84e0
R12=0x00007ff96940185e, R13=0x000000000251e050, R14=0x000000000251e568, R15=0x000000000251ec30
RIP=0x00007ff9ab746aa8, EFLAGS=0x0000000000010202

Top of Stack: (sp=0x000000000251dfc0)
0x000000000251dfc0:   000000000251e610 0000000000000000
0x000000000251dfd0:   000000006625c7a0 0000000000000000
0x000000000251dfe0:   00007ff96957d000 00007ff9693f0000
0x000000000251dff0:   0000b2a40019e000 000000000251e550
0x000000000251e000:   000000000251eef0 00007ff9ab74494a
0x000000000251e010:   000000000251e550 0000000000000000
0x000000000251e020:   00007ff9ab8aa3f0 00007ff9ab740000
0x000000000251e030:   0000000000000000 00000000026676cf
0x000000000251e040:   00000000026676d0 0000000000000000
0x000000000251e050:   0000000016a0c518 0000000016882ff0
0x000000000251e060:   00000000026676c0 0000000066010000
0x000000000251e070:   000000000251dfd0 0000000016a0bc88
0x000000000251e080:   00001fa00010000f 0000000065e80033
0x000000000251e090:   00010213002b0010 0000000000000000
0x000000000251e0a0:   0000000000000000 00000000169abeb8
0x000000000251e0b0:   00000000169a9a98 0000000016a0c4d8 

Instructions: (pc=0x00007ff9ab746aa8)
0x00007ff9ab746a88:   aa 4c 8b 44 24 28 33 ed 48 f7 e1 4d 89 06 48 c1
0x00007ff9ab746a98:   ea 03 85 d2 74 60 8d 42 ff 49 2b f8 48 8d 04 40
0x00007ff9ab746aa8:   44 8b 1c 86 4c 8d 14 86 49 3b fb 73 35 44 8d 42
0x00007ff9ab746ab8:   fe 44 8b cd 45 85 c0 78 29 43 8d 04 08 d1 f8 48 


Register to memory mapping:

RAX=0x0000000000002ca6 is an unknown value
RBX=0x000000000251e610 is pointing into the stack for thread: 0x0000000002522800
RCX=0x000000000000b2a4 is an unknown value
RDX=0x0000000000000ee3 is an unknown value
RSP=0x000000000251dfc0 is pointing into the stack for thread: 0x0000000002522800
RBP=0x0000000000000000 is an unknown value
RSI=0x00007ff96957d000 is an unknown value
RDI=0x000000000001185e is an unknown value
R8 =0x00007ff9693f0000 is an unknown value
R9 =0x0000000000000008 is an unknown value
R10=0x0000000000000007 is an unknown value
R11=0x00007ff9ab8b84e0 is an unknown value
R12=0x00007ff96940185e is an unknown value
R13=0x000000000251e050 is pointing into the stack for thread: 0x0000000002522800
R14=0x000000000251e568 is pointing into the stack for thread: 0x0000000002522800
R15=0x000000000251ec30 is pointing into the stack for thread: 0x0000000002522800


Stack: [0x0000000002420000,0x0000000002520000],  sp=0x000000000251dfc0,  free space=1015k
Native frames: (J=compiled Java code, j=interpreted, Vv=VM code, C=native code)

Java frames: (J=compiled Java code, j=interpreted, Vv=VM code)
j  sun.java2d.d3d.D3DSurfaceData.initOps(III)V+0
j  sun.java2d.d3d.D3DSurfaceData.<init>(Lsun/awt/windows/WComponentPeer;Lsun/java2d/d3d/D3DGraphicsConfig;IILjava/awt/Image;Ljava/awt/image/ColorModel;IILsun/java2d/pipe/hw/ExtendedBufferCapabilities$VSyncType;I)V+76
j  sun.java2d.d3d.D3DSurfaceData.createData(Lsun/awt/windows/WComponentPeer;Ljava/awt/Image;)Lsun/java2d/d3d/D3DSurfaceData;+117
j  sun.java2d.d3d.D3DVolatileSurfaceManager.initAcceleratedSurface()Lsun/java2d/SurfaceData;+59
j  sun.java2d.d3d.D3DVolatileSurfaceManager.restoreAcceleratedSurface()V+62
J 488 C1 sun.awt.image.VolatileSurfaceManager.validate(Ljava/awt/GraphicsConfiguration;)I (204 bytes) @ 0x000000000283af24 [0x000000000283a8e0+0x644]
J 487 C1 sun.awt.image.SunVolatileImage.validate(Ljava/awt/GraphicsConfiguration;)I (9 bytes) @ 0x000000000283a4cc [0x000000000283a3c0+0x10c]
J 525 C1 java.awt.Component$FlipBufferStrategy.revalidate(Z)V (143 bytes) @ 0x000000000284b194 [0x000000000284ac80+0x514]
J 491 C1 java.awt.Component$FlipBufferStrategy.getDrawGraphics()Ljava/awt/Graphics; (12 bytes) @ 0x000000000283cd8c [0x000000000283cbc0+0x1cc]
J 522 C1 dev.jabo.kree.Game.Render()V (89 bytes) @ 0x000000000284965c [0x00000000028493e0+0x27c]
J 405% C2 dev.jabo.kree.Game.run()V (136 bytes) @ 0x0000000002806e14 [0x0000000002806c80+0x194]
j  java.lang.Thread.run()V+11
j  dev.jabo.kree.Game.start()V+29
j  dev.jabo.kree.Launcher.main([Ljava/lang/String;)V+37
v  ~StubRoutines::call_stub

---------------  P R O C E S S  ---------------

Java Threads: ( => current thread )
  0x00000000194c3800 JavaThread "AWT-EventQueue-0" [_thread_blocked, id=7476, stack(0x000000001f5e0000,0x000000001f6e0000)]
  0x000000001910b800 JavaThread "AWT-Shutdown" [_thread_blocked, id=49744, stack(0x0000000019d60000,0x0000000019e60000)]
  0x000000001910a800 JavaThread "Java2D Disposer" daemon [_thread_blocked, id=40160, stack(0x0000000019c60000,0x0000000019d60000)]
  0x0000000018d9c800 JavaThread "Service Thread" daemon [_thread_blocked, id=38632, stack(0x0000000019120000,0x0000000019220000)]
  0x0000000016d68800 JavaThread "C1 CompilerThread2" daemon [_thread_blocked, id=39508, stack(0x0000000018c20000,0x0000000018d20000)]
  0x0000000016d67800 JavaThread "C2 CompilerThread1" daemon [_thread_blocked, id=39972, stack(0x0000000018b20000,0x0000000018c20000)]
  0x0000000016d65800 JavaThread "C2 CompilerThread0" daemon [_thread_blocked, id=42676, stack(0x0000000018a20000,0x0000000018b20000)]
  0x0000000016d59800 JavaThread "JDWP Command Reader" daemon [_thread_in_native, id=40292, stack(0x0000000018920000,0x0000000018a20000)]
  0x0000000016d58000 JavaThread "JDWP Event Helper Thread" daemon [_thread_blocked, id=33284, stack(0x0000000018820000,0x0000000018920000)]
  0x0000000016d49000 JavaThread "JDWP Transport Listener: dt_socket" daemon [_thread_blocked, id=37876, stack(0x0000000018390000,0x0000000018490000)]
  0x0000000016d3e000 JavaThread "Attach Listener" daemon [_thread_blocked, id=36468, stack(0x0000000018290000,0x0000000018390000)]
  0x0000000016d3c800 JavaThread "Signal Dispatcher" daemon [_thread_blocked, id=33992, stack(0x0000000018190000,0x0000000018290000)]
  0x000000000261c800 JavaThread "Finalizer" daemon [_thread_blocked, id=39360, stack(0x0000000017f90000,0x0000000018090000)]
  0x0000000002612000 JavaThread "Reference Handler" daemon [_thread_blocked, id=39532, stack(0x0000000017e90000,0x0000000017f90000)]
=>0x0000000002522800 JavaThread "main" [_thread_in_native, id=40116, stack(0x0000000002420000,0x0000000002520000)]

Other Threads:
  0x0000000016d07800 VMThread [stack: 0x0000000017d90000,0x0000000017e90000] [id=40592]
  0x0000000018da1800 WatcherThread [stack: 0x0000000019220000,0x0000000019320000] [id=41272]

VM state:not at safepoint (normal execution)

VM Mutex/Monitor currently owned by a thread: None

heap address: 0x0000000088800000, size: 1912 MB, Compressed Oops mode: 32-bit
Narrow klass base: 0x0000000000000000, Narrow klass shift: 3
Compressed class space size: 1073741824 Address: 0x0000000100000000

Heap:
 PSYoungGen      total 35840K, used 7376K [0x00000000d8300000, 0x00000000dab00000, 0x0000000100000000)
  eden space 30720K, 24% used [0x00000000d8300000,0x00000000d8a34188,0x00000000da100000)
  from space 5120K, 0% used [0x00000000da600000,0x00000000da600000,0x00000000dab00000)
  to   space 5120K, 0% used [0x00000000da100000,0x00000000da100000,0x00000000da600000)
 ParOldGen       total 81920K, used 0K [0x0000000088800000, 0x000000008d800000, 0x00000000d8300000)
  object space 81920K, 0% used [0x0000000088800000,0x0000000088800000,0x000000008d800000)
 Metaspace       used 8498K, capacity 8722K, committed 8832K, reserved 1056768K
  class space    used 1021K, capacity 1100K, committed 1152K, reserved 1048576K

Card table byte_map: [0x00000000119e0000,0x0000000011da0000] byte_map_base: 0x000000001159c000

Marking Bits: (ParMarkBitMap*) 0x000000006649be30
 Begin Bits: [0x0000000012420000, 0x0000000014200000)
 End Bits:   [0x0000000014200000, 0x0000000015fe0000)

Polling page: 0x0000000000470000

CodeCache: size=245760Kb used=2235Kb max_used=2235Kb free=243524Kb
 bounds [0x0000000002620000, 0x0000000002890000, 0x0000000011620000]
 total_blobs=941 nmethods=529 adapters=334
 compilation: enabled

Compilation events (10 events):
Event: 7.078 Thread 0x0000000016d68800  525   !   3       java.awt.Component$FlipBufferStrategy::revalidate (143 bytes)
Event: 7.079 Thread 0x0000000016d68800 nmethod 525 0x000000000284aa90 code [0x000000000284ac80, 0x000000000284b588]
Event: 7.079 Thread 0x0000000016d68800  526       3       dev.jabo.kree.TestScene::Render (1 bytes)
Event: 7.079 Thread 0x0000000016d68800 nmethod 526 0x000000000284b810 code [0x000000000284b960, 0x000000000284bab0]
Event: 7.079 Thread 0x0000000016d68800  527       3       java.awt.Component$FlipBufferStrategy::flip (58 bytes)
Event: 7.080 Thread 0x0000000016d68800 nmethod 527 0x000000000284bb50 code [0x000000000284bd40, 0x000000000284c518]
Event: 7.080 Thread 0x0000000016d68800  528       3       sun.awt.windows.WComponentPeer::flip (53 bytes)
Event: 7.080 Thread 0x0000000016d68800 nmethod 528 0x000000000284c850 code [0x000000000284ca00, 0x000000000284d2f8]
Event: 7.080 Thread 0x0000000016d68800  529   !   3       sun.java2d.d3d.D3DGraphicsConfig::flip (149 bytes)
Event: 7.081 Thread 0x0000000016d68800 nmethod 529 0x000000000284d610 code [0x000000000284d8a0, 0x000000000284e908]

GC Heap History (0 events):
No events

Deoptimization events (2 events):
Event: 0.694 Thread 0x0000000002522800 Uncommon trap: reason=unstable_if action=reinterpret pc=0x00000000027e2294 method=dev.jabo.kree.Game.run()V @ 66
Event: 1.662 Thread 0x0000000002522800 Uncommon trap: reason=unstable_if action=reinterpret pc=0x00000000027eac00 method=dev.jabo.kree.Game.run()V @ 92

Classes redefined (0 events):
No events

Internal exceptions (10 events):
Event: 0.054 Thread 0x0000000002522800 Exception <a 'java/lang/NoSuchMethodError': Method sun.misc.Unsafe.defineClass(Ljava/lang/String;[BII)Ljava/lang/Class; name or signature does not match> (0x00000000d8307cc0) thrown at [C:\ade\jenkins\workspace\8-2-build-windows-amd64-cygwin\jdk8u241\331\
Event: 0.054 Thread 0x0000000002522800 Exception <a 'java/lang/NoSuchMethodError': Method sun.misc.Unsafe.prefetchRead(Ljava/lang/Object;J)V name or signature does not match> (0x00000000d8307fa8) thrown at [C:\ade\jenkins\workspace\8-2-build-windows-amd64-cygwin\jdk8u241\331\hotspot\src\share\
Event: 0.261 Thread 0x0000000002522800 Exception <a 'java/security/PrivilegedActionException'> (0x00000000d83903c0) thrown at [C:\ade\jenkins\workspace\8-2-build-windows-amd64-cygwin\jdk8u241\331\hotspot\src\share\vm\prims\jvm.cpp, line 1502]
Event: 0.261 Thread 0x0000000002522800 Exception <a 'java/security/PrivilegedActionException'> (0x00000000d83905d0) thrown at [C:\ade\jenkins\workspace\8-2-build-windows-amd64-cygwin\jdk8u241\331\hotspot\src\share\vm\prims\jvm.cpp, line 1502]
Event: 0.262 Thread 0x0000000002522800 Exception <a 'java/security/PrivilegedActionException'> (0x00000000d8394240) thrown at [C:\ade\jenkins\workspace\8-2-build-windows-amd64-cygwin\jdk8u241\331\hotspot\src\share\vm\prims\jvm.cpp, line 1502]
Event: 0.262 Thread 0x0000000002522800 Exception <a 'java/security/PrivilegedActionException'> (0x00000000d8394450) thrown at [C:\ade\jenkins\workspace\8-2-build-windows-amd64-cygwin\jdk8u241\331\hotspot\src\share\vm\prims\jvm.cpp, line 1502]
Event: 0.273 Thread 0x0000000002522800 Exception <a 'java/io/FileNotFoundException'> (0x00000000d8398e40) thrown at [C:\ade\jenkins\workspace\8-2-build-windows-amd64-cygwin\jdk8u241\331\hotspot\src\share\vm\prims\jni.cpp, line 710]
Event: 0.331 Thread 0x0000000002522800 Exception <a 'java/lang/NoSuchFieldError': method resolution failed> (0x00000000d859cb60) thrown at [C:\ade\jenkins\workspace\8-2-build-windows-amd64-cygwin\jdk8u241\331\hotspot\src\share\vm\prims\methodHandles.cpp, line 1167]
Event: 0.336 Thread 0x0000000002522800 Exception <a 'java/lang/NoSuchFieldError': method resolution failed> (0x00000000d85a9f30) thrown at [C:\ade\jenkins\workspace\8-2-build-windows-amd64-cygwin\jdk8u241\331\hotspot\src\share\vm\prims\methodHandles.cpp, line 1167]
Event: 0.400 Thread 0x0000000002522800 Exception <a 'java/io/FileNotFoundException'> (0x00000000d8642db8) thrown at [C:\ade\jenkins\workspace\8-2-build-windows-amd64-cygwin\jdk8u241\331\hotspot\src\share\vm\prims\jni.cpp, line 710]

Events (10 events):
Event: 1.675 Thread 0x0000000002522800 DEOPT UNPACKING pc=0x0000000002667490 sp=0x000000000251f218 mode 0
Event: 4.257 Executing VM operation: EnableBiasedLocking
Event: 4.258 Executing VM operation: EnableBiasedLocking done
Event: 7.113 Thread 0x0000000019092800 Thread added: 0x0000000019092800
Event: 7.113 Thread 0x0000000019093000 Thread added: 0x0000000019093000
Event: 7.114 Thread 0x0000000019092800 Thread exited: 0x0000000019092800
Event: 7.114 Thread 0x0000000019525800 Thread exited: 0x0000000019525800
Event: 7.114 loading class sun/java2d/pipe/hw/AccelDeviceEventNotifier
Event: 7.115 loading class sun/java2d/pipe/hw/AccelDeviceEventNotifier done
Event: 7.151 Thread 0x000000001910d000 Thread exited: 0x000000001910d000


Dynamic libraries:
0x00007ff784f80000 - 0x00007ff784fb7000 	C:\Program Files\Java\jre1.8.0_241\bin\javaw.exe
0x00007ff9ab740000 - 0x00007ff9ab92d000 	C:\Windows\SYSTEM32\ntdll.dll
0x00007ff9a9000000 - 0x00007ff9a90b3000 	C:\Windows\System32\KERNEL32.DLL
0x00007ff9a7830000 - 0x00007ff9a7ac3000 	C:\Windows\System32\KERNELBASE.dll
0x00007ff9a9120000 - 0x00007ff9a91c3000 	C:\Windows\System32\ADVAPI32.dll
0x00007ff9ab540000 - 0x00007ff9ab5de000 	C:\Windows\System32\msvcrt.dll
0x00007ff9ab670000 - 0x00007ff9ab70e000 	C:\Windows\System32\sechost.dll
0x00007ff9a8970000 - 0x00007ff9a8a92000 	C:\Windows\System32\RPCRT4.dll
0x00007ff9a8b30000 - 0x00007ff9a8cc7000 	C:\Windows\System32\USER32.dll
0x00007ff9a7ad0000 - 0x00007ff9a7af0000 	C:\Windows\System32\win32u.dll
0x00007ff9aa8d0000 - 0x00007ff9aa8f9000 	C:\Windows\System32\GDI32.dll
0x00007ff9a87d0000 - 0x00007ff9a896a000 	C:\Windows\System32\gdi32full.dll
0x00007ff9a8660000 - 0x00007ff9a8700000 	C:\Windows\System32\msvcp_win.dll
0x00007ff9a7bd0000 - 0x00007ff9a7cca000 	C:\Windows\System32\ucrtbase.dll
0x00007ff9987a0000 - 0x00007ff998a19000 	C:\Windows\WinSxS\amd64_microsoft.windows.common-controls_6595b64144ccf1df_6.0.17763.404_none_05b33d58072110de\COMCTL32.dll
0x00007ff9a8cd0000 - 0x00007ff9a8ffc000 	C:\Windows\System32\combase.dll
0x00007ff9a8750000 - 0x00007ff9a87ce000 	C:\Windows\System32\bcryptPrimitives.dll
0x00007ff9a8aa0000 - 0x00007ff9a8ace000 	C:\Windows\System32\IMM32.DLL
0x0000000066520000 - 0x00000000665f2000 	C:\Program Files\Java\jre1.8.0_241\bin\msvcr100.dll
0x0000000065c70000 - 0x000000006651c000 	C:\Program Files\Java\jre1.8.0_241\bin\server\jvm.dll
0x00007ff9ab4a0000 - 0x00007ff9ab4a8000 	C:\Windows\System32\PSAPI.DLL
0x00007ff9a43d0000 - 0x00007ff9a43d9000 	C:\Windows\SYSTEM32\WSOCK32.dll
0x00007ff9ab4b0000 - 0x00007ff9ab51d000 	C:\Windows\System32\WS2_32.dll
0x00007ff9a2e50000 - 0x00007ff9a2e5a000 	C:\Windows\SYSTEM32\VERSION.dll
0x00007ff9a42e0000 - 0x00007ff9a4304000 	C:\Windows\SYSTEM32\WINMM.dll
0x00007ff9a42b0000 - 0x00007ff9a42dd000 	C:\Windows\SYSTEM32\winmmbase.dll
0x00007ff9a8700000 - 0x00007ff9a874a000 	C:\Windows\System32\cfgmgr32.dll
0x00007ff9a43c0000 - 0x00007ff9a43cf000 	C:\Program Files\Java\jre1.8.0_241\bin\verify.dll
0x00007ff9a3170000 - 0x00007ff9a3199000 	C:\Program Files\Java\jre1.8.0_241\bin\java.dll
0x00007ff9a45b0000 - 0x00007ff9a45e5000 	C:\Program Files\Java\jre1.8.0_241\bin\jdwp.dll
0x00007ff99ff30000 - 0x00007ff99ff38000 	C:\Program Files\Java\jre1.8.0_241\bin\npt.dll
0x00007ff99ea70000 - 0x00007ff99ea86000 	C:\Program Files\Java\jre1.8.0_241\bin\zip.dll
0x00007ff9a93e0000 - 0x00007ff9aa8d0000 	C:\Windows\System32\SHELL32.dll
0x00007ff9ab370000 - 0x00007ff9ab418000 	C:\Windows\System32\shcore.dll
0x00007ff9a7eb0000 - 0x00007ff9a85fa000 	C:\Windows\System32\windows.storage.dll
0x00007ff9a7780000 - 0x00007ff9a77a4000 	C:\Windows\System32\profapi.dll
0x00007ff9a77b0000 - 0x00007ff9a780d000 	C:\Windows\System32\powrprof.dll
0x00007ff9aad80000 - 0x00007ff9aadd2000 	C:\Windows\System32\shlwapi.dll
0x00007ff9a7760000 - 0x00007ff9a7771000 	C:\Windows\System32\kernel.appcore.dll
0x00007ff9a7810000 - 0x00007ff9a7827000 	C:\Windows\System32\cryptsp.dll
0x00007ff99e960000 - 0x00007ff99e969000 	C:\Program Files\Java\jre1.8.0_241\bin\dt_socket.dll
0x00007ff98cd40000 - 0x00007ff98cd56000 	C:\Windows\system32\napinsp.dll
0x00007ff98cd20000 - 0x00007ff98cd3a000 	C:\Windows\system32\pnrpnsp.dll
0x00007ff9a6fc0000 - 0x00007ff9a7027000 	C:\Windows\System32\mswsock.dll
0x00007ff9a6d60000 - 0x00007ff9a6e26000 	C:\Windows\SYSTEM32\DNSAPI.dll
0x00007ff9ab660000 - 0x00007ff9ab668000 	C:\Windows\System32\NSI.dll
0x00007ff9a6d20000 - 0x00007ff9a6d5d000 	C:\Windows\SYSTEM32\IPHLPAPI.DLL
0x00007ff98cd10000 - 0x00007ff98cd1e000 	C:\Windows\System32\winrnr.dll
0x00007ff9a44d0000 - 0x00007ff9a44eb000 	C:\Windows\system32\NLAapi.dll
0x00007ff98ccf0000 - 0x00007ff98cd05000 	C:\Windows\system32\wshbth.dll
0x0000000067b90000 - 0x0000000067bb6000 	C:\Program Files\Bonjour\mdnsNSP.dll
0x00007ff99c1a0000 - 0x00007ff99c219000 	C:\Windows\System32\fwpuclnt.dll
0x00007ff9a7af0000 - 0x00007ff9a7b16000 	C:\Windows\System32\bcrypt.dll
0x00007ff99b820000 - 0x00007ff99b82a000 	C:\Windows\System32\rasadhlp.dll
0x00007ff95d790000 - 0x00007ff95d92a000 	C:\Program Files\Java\jre1.8.0_241\bin\awt.dll
0x00007ff9a9300000 - 0x00007ff9a93c4000 	C:\Windows\System32\OLEAUT32.dll
0x00007ff9a5a20000 - 0x00007ff9a5aac000 	C:\Windows\SYSTEM32\apphelp.dll
0x00007ff9a5e30000 - 0x00007ff9a5e5e000 	C:\Windows\system32\DWMAPI.DLL
0x00007ff9a7cd0000 - 0x00007ff9a7eab000 	C:\Windows\System32\CRYPT32.dll
0x00007ff9a7740000 - 0x00007ff9a7752000 	C:\Windows\System32\MSASN1.dll
0x00007ff9a5ba0000 - 0x00007ff9a5c3c000 	C:\Windows\system32\uxtheme.dll
0x00007ff94c460000 - 0x00007ff94c587000 	C:\Windows\system32\opengl32.dll
0x00007ff99a080000 - 0x00007ff99a0ac000 	C:\Windows\SYSTEM32\GLU32.dll
0x00007ff9aac10000 - 0x00007ff9aad7a000 	C:\Windows\System32\MSCTF.dll
0x00007ff9aaab0000 - 0x00007ff9aac05000 	C:\Windows\System32\ole32.dll
0x00007ff993820000 - 0x00007ff993869000 	C:\Program Files\Java\jre1.8.0_241\bin\fontmanager.dll
0x00007ff99ec20000 - 0x00007ff99ecb5000 	C:\Windows\System32\TextInputFramework.dll
0x00007ff9a3500000 - 0x00007ff9a3822000 	C:\Windows\System32\CoreUIComponents.dll
0x00007ff9a5810000 - 0x00007ff9a58f2000 	C:\Windows\System32\CoreMessaging.dll
0x00007ff9a6800000 - 0x00007ff9a6831000 	C:\Windows\SYSTEM32\ntmarta.dll
0x00007ff9a33a0000 - 0x00007ff9a34f3000 	C:\Windows\SYSTEM32\wintypes.dll
0x00007ff997720000 - 0x00007ff99790d000 	C:\Windows\SYSTEM32\dbghelp.dll

VM Arguments:
jvm_args: -agentlib:jdwp=transport=dt_socket,suspend=y,address=localhost:50808 -Dfile.encoding=Cp1252 
java_command: dev.jabo.kree.Launcher
java_class_path (initial): E:\eclipse-workspace\Kree Java\bin
Launcher Type: SUN_STANDARD

Environment Variables:
CLASSPATH=C:\Program Files\Java\jdk1.8.0_241\bin
PATH=C:/Program Files/Java/jre1.8.0_241/bin/server;C:/Program Files/Java/jre1.8.0_241/bin;C:/Program Files/Java/jre1.8.0_241/lib/amd64;C:\Program Files (x86)\Common Files\Oracle\Java\javapath;C:\Windows\system32;C:\Windows;C:\Windows\System32\Wbem;C:\Windows\System32\WindowsPowerShell\v1.0\;C:\Windows\System32\OpenSSH\;C:\Program Files (x86)\AMD\ATI.ACE\Core-Static;C:\Program Files\nodejs\;C:\Users\Jabo\AppData\Local\Programs\Python\Python38-32\Scripts;C:\Program Files\Microsoft SQL Server\Client SDK\ODBC\170\Tools\Binn\;C:\Program Files (x86)\Microsoft SQL Server\150\Tools\Binn\;C:\Program Files\Microsoft SQL Server\150\Tools\Binn\;C:\Program Files\Microsoft SQL Server\150\DTS\Binn\;C:\Program Files\Git\cmd;C:\Program Files\Java\jdk1.8.0_241\bin;C:\Program Files\dotnet\;C:\Program Files (x86)\QuickTime\QTSystem\;C:\Users\Jabo\AppData\Local\Microsoft\WindowsApps;C:\Program Files\JetBrains\PyCharm Community Edition 2019.3.1\bin;C:\Users\Jabo\AppData\Roaming\npm;C:\Users\Jabo\AppData\Local\GitHubDesktop\bin;C:\Program Files\heroku\bin;C:\Users\Jabo\AppData\Local\Programs\Microsoft VS Code\bin;C:\Program Files\Java\jdk1.8.0_241\bin;;D:\eclipse-java-neon-2-win32-x86_64\eclipse;
USERNAME=Jabo
OS=Windows_NT
PROCESSOR_IDENTIFIER=AMD64 Family 21 Model 96 Stepping 1, AuthenticAMD



---------------  S Y S T E M  ---------------

OS: Windows 10.0 , 64 bit Build 17763 (10.0.17763.404)

CPU:total 4 (initial active 4) (4 cores per cpu, 1 threads per core) family 21 model 96 stepping 1, cmov, cx8, fxsr, mmx, sse, sse2, sse3, ssse3, sse4.1, sse4.2, popcnt, avx, avx2, aes, clmul, mmxext, 3dnowpref, lzcnt, sse4a, tsc, tscinvbit, tscinv, bmi1

Memory: 4k page, physical 7824972k(3286760k free), swap 15689292k(8887044k free)

vm_info: Java HotSpot(TM) 64-Bit Server VM (25.241-b07) for windows-amd64 JRE (1.8.0_241-b07), built on Dec 11 2019 10:21:40 by "rejava" with MS VC++ 10.0 (VS2010)

time: Fri Apr 10 20:08:37 2020
timezone: Malay Peninsula Standard Time
elapsed time: 7 seconds (0d 0h 0m 7s)

